<?xml version="1.0" encoding="UTF-8"?>
<!-- Generated by org.testng.reporters.JUnitXMLReporter -->
<testsuite ignored="0" hostname="LAPTOP-MGGTTOUG" failures="0" tests="4" name="Regression" time="45.228" errors="0" timestamp="2023-11-02T19:49:22 IST">
  <testcase classname="headlessmaven.Test_title" name="test" time="4.645"/>
  <testcase classname="headlessmaven.Firefox_Test" name="Browser" time="13.284"/>
  <testcase classname="headlessmaven.Openfacebook" name="SearchOpration" time="11.994"/>
  <testcase classname="headlessmaven.Openfacebook" name="VerifyFacebook" time="6.347"/>
</testsuite> <!-- Regression -->
