<?xml version="1.0" encoding="UTF-8"?>
<testng-results ignored="0" total="4" passed="4" failed="0" skipped="0">
  <reporter-output>
  </reporter-output>
  <suite started-at="2023-11-02T19:48:36 IST" name="Testing Google Apps" finished-at="2023-11-02T19:49:22 IST" duration-ms="45228">
    <groups>
    </groups>
    <test started-at="2023-11-02T19:48:36 IST" name="Regression" finished-at="2023-11-02T19:49:22 IST" duration-ms="45228">
      <class name="headlessmaven.Firefox_Test">
        <test-method signature="Browser()[pri:0, instance:headlessmaven.Firefox_Test@52719fb6]" started-at="2023-11-02T19:48:49 IST" name="Browser" finished-at="2023-11-02T19:49:02 IST" duration-ms="13284" status="PASS">
          <reporter-output>
          </reporter-output>
        </test-method> <!-- Browser -->
      </class> <!-- headlessmaven.Firefox_Test -->
      <class name="headlessmaven.Test_title">
        <test-method is-config="true" signature="BeforeOpen()[pri:0, instance:headlessmaven.Test_title@5d534f5d]" started-at="2023-11-02T19:48:42 IST" name="BeforeOpen" finished-at="2023-11-02T19:48:45 IST" duration-ms="2345" status="PASS">
          <reporter-output>
          </reporter-output>
        </test-method> <!-- BeforeOpen -->
        <test-method signature="test()[pri:0, instance:headlessmaven.Test_title@5d534f5d]" started-at="2023-11-02T19:48:45 IST" name="test" finished-at="2023-11-02T19:48:49 IST" duration-ms="4645" status="PASS">
          <reporter-output>
          </reporter-output>
        </test-method> <!-- test -->
        <test-method is-config="true" signature="AfterOpen()[pri:0, instance:headlessmaven.Test_title@5d534f5d]" started-at="2023-11-02T19:49:21 IST" name="AfterOpen" finished-at="2023-11-02T19:49:22 IST" duration-ms="306" status="PASS">
          <reporter-output>
          </reporter-output>
        </test-method> <!-- AfterOpen -->
      </class> <!-- headlessmaven.Test_title -->
      <class name="headlessmaven.Openfacebook">
        <test-method is-config="true" signature="beforetest()[pri:0, instance:headlessmaven.Openfacebook@3012646b]" started-at="2023-11-02T19:48:36 IST" name="beforetest" finished-at="2023-11-02T19:48:42 IST" duration-ms="5789" status="PASS">
          <reporter-output>
          </reporter-output>
        </test-method> <!-- beforetest -->
        <test-method signature="SearchOpration()[pri:0, instance:headlessmaven.Openfacebook@3012646b]" started-at="2023-11-02T19:49:02 IST" name="SearchOpration" finished-at="2023-11-02T19:49:14 IST" duration-ms="11994" status="PASS">
          <reporter-output>
          </reporter-output>
        </test-method> <!-- SearchOpration -->
        <test-method signature="VerifyFacebook()[pri:0, instance:headlessmaven.Openfacebook@3012646b]" started-at="2023-11-02T19:49:14 IST" name="VerifyFacebook" finished-at="2023-11-02T19:49:21 IST" duration-ms="6347" status="PASS">
          <reporter-output>
          </reporter-output>
        </test-method> <!-- VerifyFacebook -->
        <test-method is-config="true" signature="aftertest()[pri:0, instance:headlessmaven.Openfacebook@3012646b]" started-at="2023-11-02T19:49:21 IST" name="aftertest" finished-at="2023-11-02T19:49:21 IST" duration-ms="480" status="PASS">
          <reporter-output>
          </reporter-output>
        </test-method> <!-- aftertest -->
      </class> <!-- headlessmaven.Openfacebook -->
    </test> <!-- Regression -->
  </suite> <!-- Testing Google Apps -->
</testng-results>
